

Version:	3.50
CmdLine:	C:\Users\PC\IdeaProjects\Progmeth_project\GAME\java_is_you.exe --l4j-debug
JNI:		No
WOW64:		Yes
Working dir:	C:\Users\PC\IdeaProjects\Progmeth_project\GAME\.
Requires JDK:	Yes
Requires 64-Bit: No
Java min ver:	1.021.000_000
Java max ver:	
JRE paths:	custom-jre
Check launcher:	C:\Users\PC\IdeaProjects\Progmeth_project\GAME\custom-jre\bin\javaw.exe (OK)
Check javac:	C:\Users\PC\IdeaProjects\Progmeth_project\GAME\custom-jre\bin\javac.exe (not found)
64-bit search:	SOFTWARE\JavaSoft\Java Development Kit...
32-bit search:	SOFTWARE\JavaSoft\Java Development Kit...
64-bit search:	SOFTWARE\JavaSoft\JDK...
Check:		SOFTWARE\JavaSoft\JDK\24.0.1
Version string: 1.024.000_001 / 64-Bit (OK)
Check launcher:	C:\Program Files\Java\jdk-24\bin\javaw.exe (OK)
Check javac:	C:\Program Files\Java\jdk-24\bin\javac.exe (OK)
Match:		1.024.000_001
Runtime used:	1.024.000_001 (64-bit)
Launcher:	C:\Program Files\Java\jdk-24\bin\javaw.exe
Launcher args:	--enable-native-access=ALL-UNNAMED -jar "C:\Users\PC\IdeaProjects\Progmeth_project\GAME\java_is_you.exe"
Args length:	104/32768 chars
Exit code:	0


Version:	3.50
CmdLine:	C:\Users\PC\IdeaProjects\Progmeth_project\GAME\java_is_you.exe --l4j-debug
JNI:		No
WOW64:		Yes
Working dir:	C:\Users\PC\IdeaProjects\Progmeth_project\GAME\.
Requires JDK:	No
Requires 64-Bit: No
Java min ver:	1.021.000_000
Java max ver:	
JRE paths:	custom-jre
Check launcher:	C:\Users\PC\IdeaProjects\Progmeth_project\GAME\custom-jre\bin\javaw.exe (OK)
Version string: 1.025.000 / 64-Bit (OK)
Launcher:	C:\Users\PC\IdeaProjects\Progmeth_project\GAME\custom-jre\bin\javaw.exe
Launcher args:	--enable-native-access=ALL-UNNAMED -jar "C:\Users\PC\IdeaProjects\Progmeth_project\GAME\java_is_you.exe"
Args length:	104/32768 chars
Exit code:	0


Version:	3.50
CmdLine:	C:\Users\PC\IdeaProjects\Progmeth_project\GAME\java_is_you.exe --l4j-debug
JNI:		No
WOW64:		Yes
Working dir:	C:\Users\PC\IdeaProjects\Progmeth_project\GAME\.
Requires JDK:	No
Requires 64-Bit: No
Java min ver:	1.021.000_000
Java max ver:	
JRE paths:	custom-jre
Check launcher:	C:\Users\PC\IdeaProjects\Progmeth_project\GAME\custom-jre\bin\javaw.exe (OK)
Version string: 1.025.000 / 64-Bit (OK)
Launcher:	C:\Users\PC\IdeaProjects\Progmeth_project\GAME\custom-jre\bin\javaw.exe
Launcher args:	--enable-native-access=ALL-UNNAMED -jar "C:\Users\PC\IdeaProjects\Progmeth_project\GAME\java_is_you.exe"
Args length:	104/32768 chars
Exit code:	0
